<?xml version="1.0" encoding="UTF-8"?>
<testsuite name="ru.stqa.prt.sandbox.EquationTests" tests="6" skipped="0" failures="0" errors="0" timestamp="2018-10-06T13:55:51" hostname="adeptark" time="0.016">
  <properties/>
  <testcase name="test0" classname="ru.stqa.prt.sandbox.EquationTests" time="0.0"/>
  <testcase name="test1" classname="ru.stqa.prt.sandbox.EquationTests" time="0.0"/>
  <testcase name="test2" classname="ru.stqa.prt.sandbox.EquationTests" time="0.0"/>
  <testcase name="testConstant" classname="ru.stqa.prt.sandbox.EquationTests" time="0.0"/>
  <testcase name="testLinear" classname="ru.stqa.prt.sandbox.EquationTests" time="0.0"/>
  <testcase name="testZero" classname="ru.stqa.prt.sandbox.EquationTests" time="0.0"/>
  <system-out><![CDATA[]]></system-out>
  <system-err><![CDATA[]]></system-err>
</testsuite>
