<?xml version="1.0" encoding="UTF-8"?>
<testsuite name="ru.stqa.prt.sandbox.SquareTests" tests="1" skipped="0" failures="0" errors="0" timestamp="2018-10-06T13:55:51" hostname="adeptark" time="0.0">
  <properties/>
  <testcase name="testArea" classname="ru.stqa.prt.sandbox.SquareTests" time="0.0"/>
  <system-out><![CDATA[]]></system-out>
  <system-err><![CDATA[]]></system-err>
</testsuite>
