<?xml version="1.0" encoding="UTF-8"?>
<testsuite name="ru.stqa.pft.addressbook.tests.GroupCreationTests" tests="3" skipped="0" failures="0" errors="0" timestamp="2018-09-16T17:29:45" hostname="DoomsDayMachine" time="6.839">
  <properties/>
  <testcase name="testGroupCreation[0](GroupData{id='2147483647', name='test0'})" classname="ru.stqa.pft.addressbook.tests.GroupCreationTests" time="2.253"/>
  <testcase name="testGroupCreation[1](GroupData{id='2147483647', name='test1'})" classname="ru.stqa.pft.addressbook.tests.GroupCreationTests" time="2.285"/>
  <testcase name="testGroupCreation[2](GroupData{id='2147483647', name='test2'})" classname="ru.stqa.pft.addressbook.tests.GroupCreationTests" time="2.301"/>
  <system-out><![CDATA[]]></system-out>
  <system-err><![CDATA[]]></system-err>
</testsuite>
